<?xml version="1.0" encoding="UTF-8"?>
<!-- Generated by org.testng.reporters.JUnitReportReporter -->
<testsuite hostname="LAPTOP-70PFIIMI" failures="0" tests="1" name="Testing.RandomTest" time="0.009" errors="0" timestamp="2025-02-20T21:52:10 IST" skipped="0">
  <testcase classname="Testing.RandomTest" name="testOne" time="0.009"/>
  <system-out/>
</testsuite> <!-- Testing.RandomTest -->
