<?xml version="1.0" encoding="UTF-8"?>
<!-- Generated by org.testng.reporters.JUnitReportReporter -->
<testsuite hostname="LAPTOP-70PFIIMI" failures="0" tests="1" name="TestsPackage.RandomTest" time="0.011" errors="0" timestamp="2025-02-20T20:08:42 IST" skipped="0">
  <testcase classname="TestsPackage.RandomTest" name="test1" time="0.011"/>
  <system-out/>
</testsuite> <!-- TestsPackage.RandomTest -->
