<?xml version="1.0" encoding="UTF-8"?>
<!-- Generated by org.testng.reporters.JUnitReportReporter -->
<testsuite hostname="LAPTOP-70PFIIMI" failures="0" tests="2" name="Testing.RandomTest" time="16.409" errors="0" timestamp="2025-03-03T19:48:30 IST" skipped="0">
  <testcase classname="Testing.RandomTest" name="chromeB" time="6.215"/>
  <system-out/>
  <testcase classname="Testing.RandomTest" name="chromeB" time="10.194"/>
  <system-out/>
</testsuite> <!-- Testing.RandomTest -->
